mode: set
github.com/sheldonhull/go-semantic-linebreaks/main.go:30.13,31.48 1 0
github.com/sheldonhull/go-semantic-linebreaks/main.go:31.48,34.3 2 0
github.com/sheldonhull/go-semantic-linebreaks/main.go:37.49,38.20 1 0
github.com/sheldonhull/go-semantic-linebreaks/main.go:42.2,54.13 3 0
github.com/sheldonhull/go-semantic-linebreaks/main.go:58.2,59.12 2 0
github.com/sheldonhull/go-semantic-linebreaks/main.go:63.2,78.12 3 0
github.com/sheldonhull/go-semantic-linebreaks/main.go:38.20,40.3 1 0
github.com/sheldonhull/go-semantic-linebreaks/main.go:54.13,56.3 1 0
github.com/sheldonhull/go-semantic-linebreaks/main.go:59.12,61.3 1 0
github.com/sheldonhull/go-semantic-linebreaks/main.go:82.42,88.2 4 1
